^(blivet|tests)/.*: \[E1101\(no-member\).*\] Instance of 'int' has no .* member
^blivet/.*: \[E0611\(no\-name\-in\-module\).*\] No name 'blockdev' in module 'gi.repository'$
^blivet/.*: \[E0712\(catching\-non\-exception\).*\] Catching an exception which doesn't inherit from BaseException: (BlockDev|DM|Crypto|Swap|LVM|Btrfs|MDRaid|)Error$
^blivet/.*: \[E0712\(catching\-non\-exception\).*\] Catching an exception which doesn't inherit from BaseException: GError$
^blivet/__init__.py:[[:digit:]]+: \[W0602\(global\-variable\-not\-assigned\), enable_installer_mode\] Using global for 'BootLoaderError' but no assignment is done$
^blivet/__init__.py:[[:digit:]]+: \[W0602\(global\-variable\-not\-assigned\), enable_installer_mode\] Using global for 'ERROR_RAISE' but no assignment is done$
^blivet/__init__.py:[[:digit:]]+: \[W0602\(global\-variable\-not\-assigned\), enable_installer_mode\] Using global for 'ROOT_PATH' but no assignment is done$
^blivet/__init__.py:[[:digit:]]+: \[W0602\(global\-variable\-not\-assigned\), enable_installer_mode\] Using global for 'errorHandler' but no assignment is done$
^blivet/__init__.py:[[:digit:]]+: \[W0602\(global\-variable\-not\-assigned\), enable_installer_mode\] Using global for 'get_bootloader' but no assignment is done$
^blivet/__init__.py:[[:digit:]]+: \[W0602\(global\-variable\-not\-assigned\), enable_installer_mode\] Using global for 'isys' but no assignment is done$
^blivet/__init__.py:[[:digit:]]+: \[W0602\(global\-variable\-not\-assigned\), enable_installer_mode\] Using global for 'iutil' but no assignment is done$
^blivet/__init__.py:[[:digit:]]+: \[W0602\(global\-variable\-not\-assigned\), enable_installer_mode\] Using global for 'productName' but no assignment is done$
^blivet/__init__.py:[[:digit:]]+: \[W0602\(global\-variable\-not\-assigned\), enable_installer_mode\] Using global for 'shortProductName' but no assignment is done$
^blivet/__init__.py:[[:digit:]]+: \[W0612\(unused\-variable\), enable_installer_mode\] Unused variable 'ERROR_RAISE'$
^blivet/__init__.py:[[:digit:]]+: \[W0612\(unused\-variable\), enable_installer_mode\] Unused variable 'ROOT_PATH'$
^blivet/__init__.py:[[:digit:]]+: \[W0612\(unused\-variable\), enable_installer_mode\] Unused variable 'errorHandler'$
^blivet/__init__.py:[[:digit:]]+: \[W0612\(unused\-variable\), enable_installer_mode\] Unused variable 'get_bootloader'$
^blivet/__init__.py:[[:digit:]]+: \[W0612\(unused\-variable\), enable_installer_mode\] Unused variable 'isys'$
^blivet/__init__.py:[[:digit:]]+: \[W0612\(unused\-variable\), enable_installer_mode\] Unused variable 'productName'$
^blivet/__init__.py:[[:digit:]]+: \[W0612\(unused\-variable\), enable_installer_mode\] Unused variable 'shortProductName'$
^blivet/arch.py:[[:digit:]]+: \[F0401\(import\-error\), numBits\] Unable to import 'platform'$
^blivet/blivet.py:[[:digit:]]+: \[E1101\(no\-member\), Blivet.savePassphrase\] Instance of 'DeviceTree' has no '_DeviceTree__luksDevs' member$
^blivet/blivet.py:[[:digit:]]+: \[E1101\(no\-member\), Blivet.savePassphrase\] Instance of 'DeviceTree' has no '_DeviceTree__passphrases' member$
^blivet/formats/__init__.py:[[:digit:]]+: \[W0201\(attribute\-defined\-outside\-init\), DeviceFormat._setDevice\] Attribute '_device' defined outside __init__$
^blivet/tasks/.*py:[[:digit:]]+: \[W0223\(abstract\-method\), .*\] Method 'available' is abstract in class 'Task' but is not overridden$
^blivet/tasks/.*py:[[:digit:]]+: \[W0223\(abstract\-method\), .*\] Method 'doTask' is abstract in class 'Task' but is not overridden$
^blivet/tasks/.*py:[[:digit:]]+: \[W0223\(abstract\-method\), .*\] Method 'doTask' is abstract in class 'UnimplementedTask' but is not overridden$
^dm.c: [[:digit:]]+: not running as root returning empty list$
^tests/devicelibs_test/mdraid_test.py:[[:digit:]]+: \[E1003\(bad\-super\-call\), ([[:alnum:]\.]+).__init__\] Bad first argument YES given to super\(\)$
^tests/devicelibs_test/raid_test.py:[[:digit:]]+: \[E1120\(no\-value\-for\-parameter\), [[:alnum:]\.]+\] No value [[:alnum:] ]+ 'member_count' in [[:alnum:] ]+ call$
^tests/devicelibs_test/raid_test.py:[[:digit:]]+: \[E1120\(no\-value\-for\-parameter\), [[:alnum:]\.]+\] No value [[:alnum:] ]+ 'smallest_member_size' in [[:alnum:] ]+ call$
